Arguments: 
  /home/sahitya/.atri/webapp-builder-linux.v0.0.78 /snapshot/webapp-builder/node_modules/yarn/bin/yarn.js install

PATH: 
  /home/sahitya/.local/share/virtualenvs/my_app-zezBHPlm/bin:/home/sahitya/.local/bin:/home/sahitya/bin:/usr/local/bin:/usr/bin:/bin:/usr/local/games:/usr/games:/sbin:/usr/sbin

Yarn version: 
  1.22.19

Node version: 
  16.16.0

Platform: 
  linux x64

Trace: 
  SyntaxError: /home/sahitya/.cache/yarn/v6/npm-gensync-1.0.0-beta.2-32a6ee76c3d7f52d46b2b1ae5d93fea8580a25e0-integrity/node_modules/gensync/.yarn-metadata.json: Unexpected end of JSON input
      at JSON.parse (<anonymous>)
      at /snapshot/webapp-builder/node_modules/yarn/lib/cli.js:1629:59
      at Generator.next (<anonymous>)
      at step (/snapshot/webapp-builder/node_modules/yarn/lib/cli.js:310:30)
      at /snapshot/webapp-builder/node_modules/yarn/lib/cli.js:321:13

npm manifest: 
  {
    "name": "atri-react-app-template",
    "version": "0.0.0",
    "private": "true",
    "scripts": {
      "buildApp": "atri-react-app-build-app",
      "buildAppNode": "atri-react-app-build-server",
      "buildServer": "cd server && tsc",
      "build": "yarn run buildApp && yarn run buildAppNode",
      "devServer": "node dist/server/index.js --dev",
      "server": "node dist/server/index.js",
      "dev": "atri-react-app-dev-server"
    },
    "dependencies": {
      "@atrilabs/app-scripts": "^0.0.78",
      "@atrilabs/core": "^0.0.78",
      "chokidar": "^3.5.3",
      "http-proxy-middleware": "^2.0.6",
      "react": "18.0.0",
      "react-dom": "18.0.0",
      "react-router-dom": "^6.3.0",
      "ws": "^8.8.0",
      "zustand": "^4.0.0-rc.1",
      "@atrilabs/react-component-manifests": "^0.0.78"
    },
    "devDependencies": {
      "eslint-config-prettier": "^8.5.0",
      "eslint-config-react-app": "^7.0.1"
    }
  }

yarn manifest: 
  No manifest

Lockfile: 
  No lockfile
